<?xml version="1.0" encoding="UTF-8"?>
<testsuite name="com.sumit.demo.DemoApplicationTests" tests="1" skipped="0" failures="0" errors="0" timestamp="2021-06-05T08:41:30" hostname="DESKTOP-G7VK12A" time="0.894">
  <properties/>
  <testcase name="contextLoads()" classname="com.sumit.demo.DemoApplicationTests" time="0.894"/>
  <system-out><![CDATA[14:11:26.097 [Test worker] DEBUG org.springframework.test.context.BootstrapUtils - Instantiating CacheAwareContextLoaderDelegate from class [org.springframework.test.context.cache.DefaultCacheAwareContextLoaderDelegate]
14:11:26.121 [Test worker] DEBUG org.springframework.test.context.BootstrapUtils - Instantiating BootstrapContext using constructor [public org.springframework.test.context.support.DefaultBootstrapContext(java.lang.Class,org.springframework.test.context.CacheAwareContextLoaderDelegate)]
14:11:26.188 [Test worker] DEBUG org.springframework.test.context.BootstrapUtils - Instantiating TestContextBootstrapper for test class [com.sumit.demo.DemoApplicationTests] from class [org.springframework.boot.test.context.SpringBootTestContextBootstrapper]
14:11:26.214 [Test worker] INFO org.springframework.boot.test.context.SpringBootTestContextBootstrapper - Neither @ContextConfiguration nor @ContextHierarchy found for test class [com.sumit.demo.DemoApplicationTests], using SpringBootContextLoader
14:11:26.222 [Test worker] DEBUG org.springframework.test.context.support.AbstractContextLoader - Did not detect default resource location for test class [com.sumit.demo.DemoApplicationTests]: class path resource [com/sumit/demo/DemoApplicationTests-context.xml] does not exist
14:11:26.222 [Test worker] DEBUG org.springframework.test.context.support.AbstractContextLoader - Did not detect default resource location for test class [com.sumit.demo.DemoApplicationTests]: class path resource [com/sumit/demo/DemoApplicationTestsContext.groovy] does not exist
14:11:26.222 [Test worker] INFO org.springframework.test.context.support.AbstractContextLoader - Could not detect default resource locations for test class [com.sumit.demo.DemoApplicationTests]: no resource found for suffixes {-context.xml, Context.groovy}.
14:11:26.231 [Test worker] INFO org.springframework.test.context.support.AnnotationConfigContextLoaderUtils - Could not detect default configuration classes for test class [com.sumit.demo.DemoApplicationTests]: DemoApplicationTests does not declare any static, non-private, non-final, nested classes annotated with @Configuration.
14:11:26.431 [Test worker] DEBUG org.springframework.test.context.support.ActiveProfilesUtils - Could not find an 'annotation declaring class' for annotation type [org.springframework.test.context.ActiveProfiles] and class [com.sumit.demo.DemoApplicationTests]
14:11:26.536 [Test worker] DEBUG org.springframework.context.annotation.ClassPathScanningCandidateComponentProvider - Identified candidate component class: file [C:\Users\TRACKER-LAP\Desktop\Sumit_DevOps\sumitdevops\build\classes\java\main\com\sumit\demo\DemoApplication.class]
14:11:26.536 [Test worker] INFO org.springframework.boot.test.context.SpringBootTestContextBootstrapper - Found @SpringBootConfiguration com.sumit.demo.DemoApplication for test class com.sumit.demo.DemoApplicationTests
14:11:26.763 [Test worker] DEBUG org.springframework.boot.test.context.SpringBootTestContextBootstrapper - @TestExecutionListeners is not present for class [com.sumit.demo.DemoApplicationTests]: using defaults.
14:11:26.763 [Test worker] INFO org.springframework.boot.test.context.SpringBootTestContextBootstrapper - Loaded default TestExecutionListener class names from location [META-INF/spring.factories]: [org.springframework.boot.test.autoconfigure.restdocs.RestDocsTestExecutionListener, org.springframework.boot.test.autoconfigure.web.client.MockRestServiceServerResetTestExecutionListener, org.springframework.boot.test.autoconfigure.web.servlet.MockMvcPrintOnlyOnFailureTestExecutionListener, org.springframework.boot.test.autoconfigure.web.servlet.WebDriverTestExecutionListener, org.springframework.boot.test.autoconfigure.webservices.client.MockWebServiceServerTestExecutionListener, org.springframework.boot.test.mock.mockito.MockitoTestExecutionListener, org.springframework.boot.test.mock.mockito.ResetMocksTestExecutionListener, org.springframework.test.context.web.ServletTestExecutionListener, org.springframework.test.context.support.DirtiesContextBeforeModesTestExecutionListener, org.springframework.test.context.event.ApplicationEventsTestExecutionListener, org.springframework.test.context.support.DependencyInjectionTestExecutionListener, org.springframework.test.context.support.DirtiesContextTestExecutionListener, org.springframework.test.context.transaction.TransactionalTestExecutionListener, org.springframework.test.context.jdbc.SqlScriptsTestExecutionListener, org.springframework.test.context.event.EventPublishingTestExecutionListener]
14:11:26.807 [Test worker] DEBUG org.springframework.boot.test.context.SpringBootTestContextBootstrapper - Skipping candidate TestExecutionListener [org.springframework.test.context.transaction.TransactionalTestExecutionListener] due to a missing dependency. Specify custom listener classes or make the default listener classes and their required dependencies available. Offending class: [org/springframework/transaction/interceptor/TransactionAttributeSource]
14:11:26.807 [Test worker] DEBUG org.springframework.boot.test.context.SpringBootTestContextBootstrapper - Skipping candidate TestExecutionListener [org.springframework.test.context.jdbc.SqlScriptsTestExecutionListener] due to a missing dependency. Specify custom listener classes or make the default listener classes and their required dependencies available. Offending class: [org/springframework/transaction/interceptor/TransactionAttribute]
14:11:26.807 [Test worker] INFO org.springframework.boot.test.context.SpringBootTestContextBootstrapper - Using TestExecutionListeners: [org.springframework.test.context.web.ServletTestExecutionListener@1f1d368f, org.springframework.test.context.support.DirtiesContextBeforeModesTestExecutionListener@12515f1d, org.springframework.test.context.event.ApplicationEventsTestExecutionListener@97bb5c7, org.springframework.boot.test.mock.mockito.MockitoTestExecutionListener@6fa5517b, org.springframework.boot.test.autoconfigure.SpringBootDependencyInjectionTestExecutionListener@19faab4e, org.springframework.test.context.support.DirtiesContextTestExecutionListener@14bb6db, org.springframework.test.context.event.EventPublishingTestExecutionListener@554aeeb8, org.springframework.boot.test.autoconfigure.restdocs.RestDocsTestExecutionListener@10a153e3, org.springframework.boot.test.autoconfigure.web.client.MockRestServiceServerResetTestExecutionListener@5ccd2a62, org.springframework.boot.test.autoconfigure.web.servlet.MockMvcPrintOnlyOnFailureTestExecutionListener@6ca24e, org.springframework.boot.test.autoconfigure.web.servlet.WebDriverTestExecutionListener@2d1a3d5, org.springframework.boot.test.autoconfigure.webservices.client.MockWebServiceServerTestExecutionListener@18f5d627, org.springframework.boot.test.mock.mockito.ResetMocksTestExecutionListener@2dde7161]
14:11:26.815 [Test worker] DEBUG org.springframework.test.context.support.AbstractDirtiesContextTestExecutionListener - Before test class: context [DefaultTestContext@2495e257 testClass = DemoApplicationTests, testInstance = [null], testMethod = [null], testException = [null], mergedContextConfiguration = [WebMergedContextConfiguration@7a78020d testClass = DemoApplicationTests, locations = '{}', classes = '{class com.sumit.demo.DemoApplication}', contextInitializerClasses = '[]', activeProfiles = '{}', propertySourceLocations = '{}', propertySourceProperties = '{org.springframework.boot.test.context.SpringBootTestContextBootstrapper=true}', contextCustomizers = set[org.springframework.boot.test.autoconfigure.actuate.metrics.MetricsExportContextCustomizerFactory$DisableMetricExportContextCustomizer@60d63e9a, org.springframework.boot.test.autoconfigure.properties.PropertyMappingContextCustomizer@0, org.springframework.boot.test.autoconfigure.web.servlet.WebDriverContextCustomizerFactory$Customizer@cec0b9f, org.springframework.boot.test.context.filter.ExcludeFilterContextCustomizer@536a8f59, org.springframework.boot.test.json.DuplicateJsonObjectContextCustomizerFactory$DuplicateJsonObjectContextCustomizer@5ba23914, org.springframework.boot.test.mock.mockito.MockitoContextCustomizer@0, org.springframework.boot.test.web.client.TestRestTemplateContextCustomizer@30eacb11, org.springframework.boot.test.context.SpringBootTestArgs@1, org.springframework.boot.test.context.SpringBootTestWebEnvironment@1184ebc], resourceBasePath = 'src/main/webapp', contextLoader = 'org.springframework.boot.test.context.SpringBootContextLoader', parent = [null]], attributes = map['org.springframework.test.context.web.ServletTestExecutionListener.activateListener' -> true]], class annotated with @DirtiesContext [false] with mode [null].
14:11:26.895 [Test worker] DEBUG org.springframework.test.context.support.TestPropertySourceUtils - Adding inlined properties to environment: {spring.jmx.enabled=false, org.springframework.boot.test.context.SpringBootTestContextBootstrapper=true}

  .   ____          _            __ _ _
 /\\ / ___'_ __ _ _(_)_ __  __ _ \ \ \ \
( ( )\___ | '_ | '_| | '_ \/ _` | \ \ \ \
 \\/  ___)| |_)| | | | | || (_| |  ) ) ) )
  '  |____| .__|_| |_|_| |_\__, | / / / /
 =========|_|==============|___/=/_/_/_/
 :: Spring Boot ::                (v2.5.0)

2021-06-05 14:11:27.464  INFO 3704 --- [    Test worker] com.sumit.demo.DemoApplicationTests      : Starting DemoApplicationTests using Java 16.0.1 on DESKTOP-G7VK12A with PID 3704 (started by DESKTOP-G7VK12A$ in C:\Users\TRACKER-LAP\Desktop\Sumit_DevOps\sumitdevops)
2021-06-05 14:11:27.481  INFO 3704 --- [    Test worker] com.sumit.demo.DemoApplicationTests      : No active profile set, falling back to default profiles: default
2021-06-05 14:11:30.772  INFO 3704 --- [    Test worker] com.sumit.demo.DemoApplicationTests      : Started DemoApplicationTests in 3.863 seconds (JVM running for 6.689)
2021-06-05 14:11:30.780  INFO 3704 --- [    Test worker] o.s.b.a.ApplicationAvailabilityBean      : Application availability state LivenessState changed to CORRECT
2021-06-05 14:11:30.780  INFO 3704 --- [    Test worker] o.s.b.a.ApplicationAvailabilityBean      : Application availability state ReadinessState changed to ACCEPTING_TRAFFIC
]]></system-out>
  <system-err><![CDATA[]]></system-err>
</testsuite>
